<?xml version="1.0" encoding="UTF-8"?>
<testng-results ignored="0" total="1" passed="1" failed="0" skipped="0">
  <reporter-output>
  </reporter-output>
  <suite started-at="2023-07-10T15:54:16 IST" name="Default suite" finished-at="2023-07-10T15:54:19 IST" duration-ms="2502">
    <groups>
    </groups>
    <test started-at="2023-07-10T15:54:16 IST" name="Default test" finished-at="2023-07-10T15:54:19 IST" duration-ms="2502">
      <class name="api.endpoints.SampleTest">
        <test-method signature="createUser()[pri:0, instance:api.endpoints.SampleTest@3febb011]" started-at="2023-07-10T15:54:16 IST" name="createUser" finished-at="2023-07-10T15:54:19 IST" duration-ms="2470" status="PASS">
          <reporter-output>
          </reporter-output>
        </test-method> <!-- createUser -->
      </class> <!-- api.endpoints.SampleTest -->
    </test> <!-- Default test -->
  </suite> <!-- Default suite -->
</testng-results>
